# JRE version: Java(TM) SE Runtime Environment (8.0_101-b13) (build 1.8.0_101-b13)
# Java VM: Java HotSpot(TM) 64-Bit Server VM (25.101-b13 mixed mode bsd-amd64 compressed oops)
Heap:
 PSYoungGen      total 280064K, used 58661K [0x00000007aab00000, 0x00000007bd380000, 0x00000007c0000000)
  eden space 265216K, 16% used [0x00000007aab00000,0x00000007ad5cd188,0x00000007bae00000)
  from space 14848K, 99% used [0x00000007bc000000,0x00000007bce7c4c0,0x00000007bce80000)
  to   space 18432K, 0% used [0x00000007bae00000,0x00000007bae00000,0x00000007bc000000)
 ParOldGen       total 54784K, used 23266K [0x0000000780000000, 0x0000000783580000, 0x00000007aab00000)
  object space 54784K, 42% used [0x0000000780000000,0x00000007816b89a8,0x0000000783580000)
 Metaspace       used 49956K, capacity 50732K, committed 50944K, reserved 1093632K
  class space    used 6436K, capacity 6655K, committed 6656K, reserved 1048576K
GC Heap History (10 events):
Event: 12.745 GC heap before
{Heap before GC invocations=10 (full 1):
 PSYoungGen      total 139264K, used 8030K [0x00000007aab00000, 0x00000007b8a80000, 0x00000007c0000000)
  eden space 127488K, 0% used [0x00000007aab00000,0x00000007aab00000,0x00000007b2780000)
  from space 11776K, 68% used [0x00000007b2780000,0x00000007b2f57b40,0x00000007b3300000)
  to   space 12288K, 0% used [0x00000007b7e80000,0x00000007b7e80000,0x00000007b8a80000)
 ParOldGen       total 44032K, used 15512K [0x0000000780000000, 0x0000000782b00000, 0x00000007aab00000)
  object space 44032K, 35% used [0x0000000780000000,0x0000000780f26280,0x0000000782b00000)
 Metaspace       used 20681K, capacity 21134K, committed 21296K, reserved 1069056K
  class space    used 2462K, capacity 2609K, committed 2688K, reserved 1048576K
Event: 12.889 GC heap after
Heap after GC invocations=10 (full 1):
 PSYoungGen      total 139264K, used 0K [0x00000007aab00000, 0x00000007b8a80000, 0x00000007c0000000)
  eden space 127488K, 0% used [0x00000007aab00000,0x00000007aab00000,0x00000007b2780000)
  from space 11776K, 0% used [0x00000007b2780000,0x00000007b2780000,0x00000007b3300000)
  to   space 12288K, 0% used [0x00000007b7e80000,0x00000007b7e80000,0x00000007b8a80000)
 ParOldGen       total 42496K, used 17057K [0x0000000780000000, 0x0000000782980000, 0x00000007aab00000)
  object space 42496K, 40% used [0x0000000780000000,0x00000007810a8500,0x0000000782980000)
 Metaspace       used 20681K, capacity 21134K, committed 21296K, reserved 1069056K
  class space    used 2462K, capacity 2609K, committed 2688K, reserved 1048576K
}
Event: 15.720 GC heap before
{Heap before GC invocations=11 (full 1):
 PSYoungGen      total 139264K, used 127488K [0x00000007aab00000, 0x00000007b8a80000, 0x00000007c0000000)
  eden space 127488K, 100% used [0x00000007aab00000,0x00000007b2780000,0x00000007b2780000)
  from space 11776K, 0% used [0x00000007b2780000,0x00000007b2780000,0x00000007b3300000)
  to   space 12288K, 0% used [0x00000007b7e80000,0x00000007b7e80000,0x00000007b8a80000)
 ParOldGen       total 42496K, used 17057K [0x0000000780000000, 0x0000000782980000, 0x00000007aab00000)
  object space 42496K, 40% used [0x0000000780000000,0x00000007810a8500,0x0000000782980000)
 Metaspace       used 33219K, capacity 33950K, committed 34176K, reserved 1079296K
  class space    used 4166K, capacity 4386K, committed 4480K, reserved 1048576K
Event: 15.765 GC heap after
Heap after GC invocations=11 (full 1):
 PSYoungGen      total 197120K, used 12282K [0x00000007aab00000, 0x00000007b8a80000, 0x00000007c0000000)
  eden space 184832K, 0% used [0x00000007aab00000,0x00000007aab00000,0x00000007b5f80000)
  from space 12288K, 99% used [0x00000007b7e80000,0x00000007b8a7ebd8,0x00000007b8a80000)
  to   space 14848K, 0% used [0x00000007b6d80000,0x00000007b6d80000,0x00000007b7c00000)
 ParOldGen       total 42496K, used 19300K [0x0000000780000000, 0x0000000782980000, 0x00000007aab00000)
  object space 42496K, 45% used [0x0000000780000000,0x00000007812d90b8,0x0000000782980000)
 Metaspace       used 33219K, capacity 33950K, committed 34176K, reserved 1079296K
  class space    used 4166K, capacity 4386K, committed 4480K, reserved 1048576K
}
Event: 16.023 GC heap before
{Heap before GC invocations=12 (full 1):
 PSYoungGen      total 197120K, used 30066K [0x00000007aab00000, 0x00000007b8a80000, 0x00000007c0000000)
  eden space 184832K, 9% used [0x00000007aab00000,0x00000007abc5dfc0,0x00000007b5f80000)
  from space 12288K, 99% used [0x00000007b7e80000,0x00000007b8a7ebd8,0x00000007b8a80000)
  to   space 14848K, 0% used [0x00000007b6d80000,0x00000007b6d80000,0x00000007b7c00000)
 ParOldGen       total 42496K, used 19300K [0x0000000780000000, 0x0000000782980000, 0x00000007aab00000)
  object space 42496K, 45% used [0x0000000780000000,0x00000007812d90b8,0x0000000782980000)
 Metaspace       used 34657K, capacity 35300K, committed 35496K, reserved 1081344K
  class space    used 4370K, capacity 4579K, committed 4608K, reserved 1048576K
Event: 16.035 GC heap after
Heap after GC invocations=12 (full 1):
 PSYoungGen      total 214016K, used 1714K [0x00000007aab00000, 0x00000007bce80000, 0x00000007c0000000)
  eden space 199168K, 0% used [0x00000007aab00000,0x00000007aab00000,0x00000007b6d80000)
  from space 14848K, 11% used [0x00000007b6d80000,0x00000007b6f2c968,0x00000007b7c00000)
  to   space 14848K, 0% used [0x00000007bc000000,0x00000007bc000000,0x00000007bce80000)
 ParOldGen       total 42496K, used 25472K [0x0000000780000000, 0x0000000782980000, 0x00000007aab00000)
  object space 42496K, 59% used [0x0000000780000000,0x00000007818e0140,0x0000000782980000)
 Metaspace       used 34657K, capacity 35300K, committed 35496K, reserved 1081344K
  class space    used 4370K, capacity 4579K, committed 4608K, reserved 1048576K
}
Event: 16.035 GC heap before
{Heap before GC invocations=13 (full 2):
 PSYoungGen      total 214016K, used 1714K [0x00000007aab00000, 0x00000007bce80000, 0x00000007c0000000)
  eden space 199168K, 0% used [0x00000007aab00000,0x00000007aab00000,0x00000007b6d80000)
  from space 14848K, 11% used [0x00000007b6d80000,0x00000007b6f2c968,0x00000007b7c00000)
  to   space 14848K, 0% used [0x00000007bc000000,0x00000007bc000000,0x00000007bce80000)
 ParOldGen       total 42496K, used 25472K [0x0000000780000000, 0x0000000782980000, 0x00000007aab00000)
  object space 42496K, 59% used [0x0000000780000000,0x00000007818e0140,0x0000000782980000)
 Metaspace       used 34657K, capacity 35300K, committed 35496K, reserved 1081344K
  class space    used 4370K, capacity 4579K, committed 4608K, reserved 1048576K
Event: 16.146 GC heap after
Heap after GC invocations=13 (full 2):
 PSYoungGen      total 214016K, used 0K [0x00000007aab00000, 0x00000007bce80000, 0x00000007c0000000)
  eden space 199168K, 0% used [0x00000007aab00000,0x00000007aab00000,0x00000007b6d80000)
  from space 14848K, 0% used [0x00000007b6d80000,0x00000007b6d80000,0x00000007b7c00000)
  to   space 14848K, 0% used [0x00000007bc000000,0x00000007bc000000,0x00000007bce80000)
 ParOldGen       total 54784K, used 19963K [0x0000000780000000, 0x0000000783580000, 0x00000007aab00000)
  object space 54784K, 36% used [0x0000000780000000,0x000000078137efd8,0x0000000783580000)
 Metaspace       used 34657K, capacity 35300K, committed 35496K, reserved 1081344K
  class space    used 4370K, capacity 4579K, committed 4608K, reserved 1048576K
}
Event: 19.914 GC heap before
{Heap before GC invocations=14 (full 2):
 PSYoungGen      total 214016K, used 199168K [0x00000007aab00000, 0x00000007bce80000, 0x00000007c0000000)
  eden space 199168K, 100% used [0x00000007aab00000,0x00000007b6d80000,0x00000007b6d80000)
  from space 14848K, 0% used [0x00000007b6d80000,0x00000007b6d80000,0x00000007b7c00000)
  to   space 14848K, 0% used [0x00000007bc000000,0x00000007bc000000,0x00000007bce80000)
 ParOldGen       total 54784K, used 19963K [0x0000000780000000, 0x0000000783580000, 0x00000007aab00000)
  object space 54784K, 36% used [0x0000000780000000,0x000000078137efd8,0x0000000783580000)
 Metaspace       used 48959K, capacity 49732K, committed 50176K, reserved 1093632K
  class space    used 6327K, capacity 6557K, committed 6656K, reserved 1048576K
Event: 19.959 GC heap after
Heap after GC invocations=14 (full 2):
 PSYoungGen      total 280064K, used 14833K [0x00000007aab00000, 0x00000007bd380000, 0x00000007c0000000)
  eden space 265216K, 0% used [0x00000007aab00000,0x00000007aab00000,0x00000007bae00000)
  from space 14848K, 99% used [0x00000007bc000000,0x00000007bce7c4c0,0x00000007bce80000)
  to   space 18432K, 0% used [0x00000007bae00000,0x00000007bae00000,0x00000007bc000000)
 ParOldGen       total 54784K, used 23266K [0x0000000780000000, 0x0000000783580000, 0x00000007aab00000)
  object space 54784K, 42% used [0x0000000780000000,0x00000007816b89a8,0x0000000783580000)
 Metaspace       used 48959K, capacity 49732K, committed 50176K, reserved 1093632K
  class space    used 6327K, capacity 6557K, committed 6656K, reserved 1048576K
}

